<?xml version="1.0" encoding="UTF-8"?>
<testng-results ignored="0" total="1" passed="1" failed="0" skipped="0">
  <reporter-output>
  </reporter-output>
  <suite started-at="2023-05-23T11:42:58 IST" name="Default suite" finished-at="2023-05-23T11:43:01 IST" duration-ms="2585">
    <groups>
    </groups>
    <test started-at="2023-05-23T11:42:58 IST" name="Default test" finished-at="2023-05-23T11:43:01 IST" duration-ms="2585">
      <class name="com.headerVerification.ReqresHeaderVerification">
        <test-method signature="m2()[pri:0, instance:com.headerVerification.ReqresHeaderVerification@662b4c69]" started-at="2023-05-23T11:42:59 IST" name="m2" finished-at="2023-05-23T11:43:01 IST" duration-ms="2555" status="PASS">
          <reporter-output>
          </reporter-output>
        </test-method> <!-- m2 -->
      </class> <!-- com.headerVerification.ReqresHeaderVerification -->
    </test> <!-- Default test -->
  </suite> <!-- Default suite -->
</testng-results>
